<?xml version="1.0" encoding="UTF-8"?>
<!-- Generated by org.testng.reporters.JUnitReportReporter -->
<testsuite hostname="LAPTOP-5L3M2G1P" failures="0" tests="2" name="javaSeleniumFreamwork.freamwork.SecondTestCase" time="26.357" errors="0" timestamp="2024-08-31T13:08:17 IST" skipped="0">
  <testcase classname="javaSeleniumFreamwork.freamwork.SecondTestCase" name="verifyLoginSecondTestCase" time="13.123"/>
  <system-out/>
  <testcase classname="javaSeleniumFreamwork.freamwork.SecondTestCase" name="verifyLoginSecondTestCase" time="13.234"/>
  <system-out/>
</testsuite> <!-- javaSeleniumFreamwork.freamwork.SecondTestCase -->
